<?xml version="1.0" encoding="UTF-8"?>
<testsuite xmlns:xsi="http://www.w3.org/2001/XMLSchema-instance" xsi:noNamespaceSchemaLocation="https://maven.apache.org/surefire/maven-surefire-plugin/xsd/surefire-test-report.xsd" version="3.0.1" name="com.integritylabsbrazil.AppTest" time="0.029" tests="1" errors="0" skipped="0" failures="0">
  <properties>
    <property name="java.specification.version" value="21"/>
    <property name="sun.jnu.encoding" value="UTF-8"/>
    <property name="java.class.path" value="/home/yure.placido/development/integritylabsbrazil/architectural-guide-definition/rest-api-web-guide-definition/target/test-classes:/home/yure.placido/development/integritylabsbrazil/architectural-guide-definition/rest-api-web-guide-definition/target/classes:/home/yure.placido/.m2/repository/org/springframework/boot/spring-boot-starter-web/3.2.8/spring-boot-starter-web-3.2.8.jar:/home/yure.placido/.m2/repository/org/springframework/boot/spring-boot-starter/3.2.8/spring-boot-starter-3.2.8.jar:/home/yure.placido/.m2/repository/org/springframework/boot/spring-boot/3.2.8/spring-boot-3.2.8.jar:/home/yure.placido/.m2/repository/org/springframework/boot/spring-boot-autoconfigure/3.2.8/spring-boot-autoconfigure-3.2.8.jar:/home/yure.placido/.m2/repository/org/springframework/boot/spring-boot-starter-logging/3.2.8/spring-boot-starter-logging-3.2.8.jar:/home/yure.placido/.m2/repository/ch/qos/logback/logback-classic/1.4.14/logback-classic-1.4.14.jar:/home/yure.placido/.m2/repository/ch/qos/logback/logback-core/1.4.14/logback-core-1.4.14.jar:/home/yure.placido/.m2/repository/org/apache/logging/log4j/log4j-to-slf4j/2.21.1/log4j-to-slf4j-2.21.1.jar:/home/yure.placido/.m2/repository/org/apache/logging/log4j/log4j-api/2.21.1/log4j-api-2.21.1.jar:/home/yure.placido/.m2/repository/org/slf4j/jul-to-slf4j/2.0.13/jul-to-slf4j-2.0.13.jar:/home/yure.placido/.m2/repository/jakarta/annotation/jakarta.annotation-api/2.1.1/jakarta.annotation-api-2.1.1.jar:/home/yure.placido/.m2/repository/org/springframework/spring-core/6.1.11/spring-core-6.1.11.jar:/home/yure.placido/.m2/repository/org/springframework/spring-jcl/6.1.11/spring-jcl-6.1.11.jar:/home/yure.placido/.m2/repository/org/yaml/snakeyaml/2.2/snakeyaml-2.2.jar:/home/yure.placido/.m2/repository/org/springframework/boot/spring-boot-starter-json/3.2.8/spring-boot-starter-json-3.2.8.jar:/home/yure.placido/.m2/repository/com/fasterxml/jackson/datatype/jackson-datatype-jdk8/2.15.4/jackson-datatype-jdk8-2.15.4.jar:/home/yure.placido/.m2/repository/com/fasterxml/jackson/datatype/jackson-datatype-jsr310/2.15.4/jackson-datatype-jsr310-2.15.4.jar:/home/yure.placido/.m2/repository/com/fasterxml/jackson/module/jackson-module-parameter-names/2.15.4/jackson-module-parameter-names-2.15.4.jar:/home/yure.placido/.m2/repository/org/springframework/boot/spring-boot-starter-tomcat/3.2.8/spring-boot-starter-tomcat-3.2.8.jar:/home/yure.placido/.m2/repository/org/apache/tomcat/embed/tomcat-embed-core/10.1.26/tomcat-embed-core-10.1.26.jar:/home/yure.placido/.m2/repository/org/apache/tomcat/embed/tomcat-embed-websocket/10.1.26/tomcat-embed-websocket-10.1.26.jar:/home/yure.placido/.m2/repository/org/springframework/spring-web/6.1.11/spring-web-6.1.11.jar:/home/yure.placido/.m2/repository/org/springframework/spring-beans/6.1.11/spring-beans-6.1.11.jar:/home/yure.placido/.m2/repository/org/springframework/spring-webmvc/6.1.11/spring-webmvc-6.1.11.jar:/home/yure.placido/.m2/repository/org/springframework/spring-aop/6.1.11/spring-aop-6.1.11.jar:/home/yure.placido/.m2/repository/org/springframework/spring-context/6.1.11/spring-context-6.1.11.jar:/home/yure.placido/.m2/repository/org/springframework/spring-expression/6.1.11/spring-expression-6.1.11.jar:/home/yure.placido/.m2/repository/org/springframework/boot/spring-boot-starter-validation/3.2.8/spring-boot-starter-validation-3.2.8.jar:/home/yure.placido/.m2/repository/org/apache/tomcat/embed/tomcat-embed-el/10.1.26/tomcat-embed-el-10.1.26.jar:/home/yure.placido/.m2/repository/org/hibernate/validator/hibernate-validator/8.0.1.Final/hibernate-validator-8.0.1.Final.jar:/home/yure.placido/.m2/repository/org/jboss/logging/jboss-logging/3.5.3.Final/jboss-logging-3.5.3.Final.jar:/home/yure.placido/.m2/repository/com/fasterxml/classmate/1.6.0/classmate-1.6.0.jar:/home/yure.placido/.m2/repository/org/springframework/boot/spring-boot-starter-actuator/3.2.8/spring-boot-starter-actuator-3.2.8.jar:/home/yure.placido/.m2/repository/org/springframework/boot/spring-boot-actuator-autoconfigure/3.2.8/spring-boot-actuator-autoconfigure-3.2.8.jar:/home/yure.placido/.m2/repository/org/springframework/boot/spring-boot-actuator/3.2.8/spring-boot-actuator-3.2.8.jar:/home/yure.placido/.m2/repository/io/micrometer/micrometer-observation/1.12.8/micrometer-observation-1.12.8.jar:/home/yure.placido/.m2/repository/io/micrometer/micrometer-commons/1.12.8/micrometer-commons-1.12.8.jar:/home/yure.placido/.m2/repository/io/micrometer/micrometer-jakarta9/1.12.8/micrometer-jakarta9-1.12.8.jar:/home/yure.placido/.m2/repository/io/micrometer/micrometer-core/1.12.8/micrometer-core-1.12.8.jar:/home/yure.placido/.m2/repository/org/hdrhistogram/HdrHistogram/2.1.12/HdrHistogram-2.1.12.jar:/home/yure.placido/.m2/repository/org/latencyutils/LatencyUtils/2.0.3/LatencyUtils-2.0.3.jar:/home/yure.placido/.m2/repository/org/zalando/problem-spring-web/0.28.0/problem-spring-web-0.28.0.jar:/home/yure.placido/.m2/repository/org/zalando/problem-violations/0.28.0/problem-violations-0.28.0.jar:/home/yure.placido/.m2/repository/com/google/code/findbugs/jsr305/3.0.2/jsr305-3.0.2.jar:/home/yure.placido/.m2/repository/org/zalando/problem-spring-common/0.28.0/problem-spring-common-0.28.0.jar:/home/yure.placido/.m2/repository/org/slf4j/slf4j-api/2.0.13/slf4j-api-2.0.13.jar:/home/yure.placido/.m2/repository/org/zalando/faux-pas/0.9.0/faux-pas-0.9.0.jar:/home/yure.placido/.m2/repository/jakarta/validation/jakarta.validation-api/3.0.2/jakarta.validation-api-3.0.2.jar:/home/yure.placido/.m2/repository/org/zalando/jackson-datatype-problem/0.27.1/jackson-datatype-problem-0.27.1.jar:/home/yure.placido/.m2/repository/org/zalando/problem/0.27.1/problem-0.27.1.jar:/home/yure.placido/.m2/repository/com/fasterxml/jackson/core/jackson-databind/2.15.4/jackson-databind-2.15.4.jar:/home/yure.placido/.m2/repository/com/fasterxml/jackson/core/jackson-annotations/2.15.4/jackson-annotations-2.15.4.jar:/home/yure.placido/.m2/repository/com/fasterxml/jackson/core/jackson-core/2.15.4/jackson-core-2.15.4.jar:/home/yure.placido/.m2/repository/org/apiguardian/apiguardian-api/1.1.2/apiguardian-api-1.1.2.jar:/home/yure.placido/.m2/repository/org/projectlombok/lombok/1.18.32/lombok-1.18.32.jar:/home/yure.placido/.m2/repository/org/mapstruct/mapstruct/1.5.5.Final/mapstruct-1.5.5.Final.jar:/home/yure.placido/.m2/repository/junit/junit/4.13.2/junit-4.13.2.jar:/home/yure.placido/.m2/repository/org/hamcrest/hamcrest-core/2.2/hamcrest-core-2.2.jar:/home/yure.placido/.m2/repository/org/hamcrest/hamcrest/2.2/hamcrest-2.2.jar:/home/yure.placido/.m2/repository/org/junit/jupiter/junit-jupiter-api/5.11.0/junit-jupiter-api-5.11.0.jar:/home/yure.placido/.m2/repository/org/opentest4j/opentest4j/1.3.0/opentest4j-1.3.0.jar:/home/yure.placido/.m2/repository/org/junit/platform/junit-platform-commons/1.11.0/junit-platform-commons-1.11.0.jar:/home/yure.placido/.m2/repository/org/junit/jupiter/junit-jupiter-params/5.7.0/junit-jupiter-params-5.7.0.jar:"/>
    <property name="java.vm.vendor" value="Eclipse Adoptium"/>
    <property name="sun.arch.data.model" value="64"/>
    <property name="java.vendor.url" value="https://adoptium.net/"/>
    <property name="os.name" value="Linux"/>
    <property name="java.vm.specification.version" value="21"/>
    <property name="sun.java.launcher" value="SUN_STANDARD"/>
    <property name="user.country" value="BR"/>
    <property name="sun.boot.library.path" value="/home/yure.placido/.local/share/mise/installs/java/temurin-21.0.7+6.0.LTS/lib"/>
    <property name="sun.java.command" value="/home/yure.placido/development/integritylabsbrazil/architectural-guide-definition/rest-api-web-guide-definition/target/surefire/surefirebooter-20250713192952172_3.jar /home/yure.placido/development/integritylabsbrazil/architectural-guide-definition/rest-api-web-guide-definition/target/surefire 2025-07-13T19-29-52_057-jvmRun1 surefire-20250713192952172_1tmp surefire_0-20250713192952172_2tmp"/>
    <property name="jdk.debug" value="release"/>
    <property name="surefire.test.class.path" value="/home/yure.placido/development/integritylabsbrazil/architectural-guide-definition/rest-api-web-guide-definition/target/test-classes:/home/yure.placido/development/integritylabsbrazil/architectural-guide-definition/rest-api-web-guide-definition/target/classes:/home/yure.placido/.m2/repository/org/springframework/boot/spring-boot-starter-web/3.2.8/spring-boot-starter-web-3.2.8.jar:/home/yure.placido/.m2/repository/org/springframework/boot/spring-boot-starter/3.2.8/spring-boot-starter-3.2.8.jar:/home/yure.placido/.m2/repository/org/springframework/boot/spring-boot/3.2.8/spring-boot-3.2.8.jar:/home/yure.placido/.m2/repository/org/springframework/boot/spring-boot-autoconfigure/3.2.8/spring-boot-autoconfigure-3.2.8.jar:/home/yure.placido/.m2/repository/org/springframework/boot/spring-boot-starter-logging/3.2.8/spring-boot-starter-logging-3.2.8.jar:/home/yure.placido/.m2/repository/ch/qos/logback/logback-classic/1.4.14/logback-classic-1.4.14.jar:/home/yure.placido/.m2/repository/ch/qos/logback/logback-core/1.4.14/logback-core-1.4.14.jar:/home/yure.placido/.m2/repository/org/apache/logging/log4j/log4j-to-slf4j/2.21.1/log4j-to-slf4j-2.21.1.jar:/home/yure.placido/.m2/repository/org/apache/logging/log4j/log4j-api/2.21.1/log4j-api-2.21.1.jar:/home/yure.placido/.m2/repository/org/slf4j/jul-to-slf4j/2.0.13/jul-to-slf4j-2.0.13.jar:/home/yure.placido/.m2/repository/jakarta/annotation/jakarta.annotation-api/2.1.1/jakarta.annotation-api-2.1.1.jar:/home/yure.placido/.m2/repository/org/springframework/spring-core/6.1.11/spring-core-6.1.11.jar:/home/yure.placido/.m2/repository/org/springframework/spring-jcl/6.1.11/spring-jcl-6.1.11.jar:/home/yure.placido/.m2/repository/org/yaml/snakeyaml/2.2/snakeyaml-2.2.jar:/home/yure.placido/.m2/repository/org/springframework/boot/spring-boot-starter-json/3.2.8/spring-boot-starter-json-3.2.8.jar:/home/yure.placido/.m2/repository/com/fasterxml/jackson/datatype/jackson-datatype-jdk8/2.15.4/jackson-datatype-jdk8-2.15.4.jar:/home/yure.placido/.m2/repository/com/fasterxml/jackson/datatype/jackson-datatype-jsr310/2.15.4/jackson-datatype-jsr310-2.15.4.jar:/home/yure.placido/.m2/repository/com/fasterxml/jackson/module/jackson-module-parameter-names/2.15.4/jackson-module-parameter-names-2.15.4.jar:/home/yure.placido/.m2/repository/org/springframework/boot/spring-boot-starter-tomcat/3.2.8/spring-boot-starter-tomcat-3.2.8.jar:/home/yure.placido/.m2/repository/org/apache/tomcat/embed/tomcat-embed-core/10.1.26/tomcat-embed-core-10.1.26.jar:/home/yure.placido/.m2/repository/org/apache/tomcat/embed/tomcat-embed-websocket/10.1.26/tomcat-embed-websocket-10.1.26.jar:/home/yure.placido/.m2/repository/org/springframework/spring-web/6.1.11/spring-web-6.1.11.jar:/home/yure.placido/.m2/repository/org/springframework/spring-beans/6.1.11/spring-beans-6.1.11.jar:/home/yure.placido/.m2/repository/org/springframework/spring-webmvc/6.1.11/spring-webmvc-6.1.11.jar:/home/yure.placido/.m2/repository/org/springframework/spring-aop/6.1.11/spring-aop-6.1.11.jar:/home/yure.placido/.m2/repository/org/springframework/spring-context/6.1.11/spring-context-6.1.11.jar:/home/yure.placido/.m2/repository/org/springframework/spring-expression/6.1.11/spring-expression-6.1.11.jar:/home/yure.placido/.m2/repository/org/springframework/boot/spring-boot-starter-validation/3.2.8/spring-boot-starter-validation-3.2.8.jar:/home/yure.placido/.m2/repository/org/apache/tomcat/embed/tomcat-embed-el/10.1.26/tomcat-embed-el-10.1.26.jar:/home/yure.placido/.m2/repository/org/hibernate/validator/hibernate-validator/8.0.1.Final/hibernate-validator-8.0.1.Final.jar:/home/yure.placido/.m2/repository/org/jboss/logging/jboss-logging/3.5.3.Final/jboss-logging-3.5.3.Final.jar:/home/yure.placido/.m2/repository/com/fasterxml/classmate/1.6.0/classmate-1.6.0.jar:/home/yure.placido/.m2/repository/org/springframework/boot/spring-boot-starter-actuator/3.2.8/spring-boot-starter-actuator-3.2.8.jar:/home/yure.placido/.m2/repository/org/springframework/boot/spring-boot-actuator-autoconfigure/3.2.8/spring-boot-actuator-autoconfigure-3.2.8.jar:/home/yure.placido/.m2/repository/org/springframework/boot/spring-boot-actuator/3.2.8/spring-boot-actuator-3.2.8.jar:/home/yure.placido/.m2/repository/io/micrometer/micrometer-observation/1.12.8/micrometer-observation-1.12.8.jar:/home/yure.placido/.m2/repository/io/micrometer/micrometer-commons/1.12.8/micrometer-commons-1.12.8.jar:/home/yure.placido/.m2/repository/io/micrometer/micrometer-jakarta9/1.12.8/micrometer-jakarta9-1.12.8.jar:/home/yure.placido/.m2/repository/io/micrometer/micrometer-core/1.12.8/micrometer-core-1.12.8.jar:/home/yure.placido/.m2/repository/org/hdrhistogram/HdrHistogram/2.1.12/HdrHistogram-2.1.12.jar:/home/yure.placido/.m2/repository/org/latencyutils/LatencyUtils/2.0.3/LatencyUtils-2.0.3.jar:/home/yure.placido/.m2/repository/org/zalando/problem-spring-web/0.28.0/problem-spring-web-0.28.0.jar:/home/yure.placido/.m2/repository/org/zalando/problem-violations/0.28.0/problem-violations-0.28.0.jar:/home/yure.placido/.m2/repository/com/google/code/findbugs/jsr305/3.0.2/jsr305-3.0.2.jar:/home/yure.placido/.m2/repository/org/zalando/problem-spring-common/0.28.0/problem-spring-common-0.28.0.jar:/home/yure.placido/.m2/repository/org/slf4j/slf4j-api/2.0.13/slf4j-api-2.0.13.jar:/home/yure.placido/.m2/repository/org/zalando/faux-pas/0.9.0/faux-pas-0.9.0.jar:/home/yure.placido/.m2/repository/jakarta/validation/jakarta.validation-api/3.0.2/jakarta.validation-api-3.0.2.jar:/home/yure.placido/.m2/repository/org/zalando/jackson-datatype-problem/0.27.1/jackson-datatype-problem-0.27.1.jar:/home/yure.placido/.m2/repository/org/zalando/problem/0.27.1/problem-0.27.1.jar:/home/yure.placido/.m2/repository/com/fasterxml/jackson/core/jackson-databind/2.15.4/jackson-databind-2.15.4.jar:/home/yure.placido/.m2/repository/com/fasterxml/jackson/core/jackson-annotations/2.15.4/jackson-annotations-2.15.4.jar:/home/yure.placido/.m2/repository/com/fasterxml/jackson/core/jackson-core/2.15.4/jackson-core-2.15.4.jar:/home/yure.placido/.m2/repository/org/apiguardian/apiguardian-api/1.1.2/apiguardian-api-1.1.2.jar:/home/yure.placido/.m2/repository/org/projectlombok/lombok/1.18.32/lombok-1.18.32.jar:/home/yure.placido/.m2/repository/org/mapstruct/mapstruct/1.5.5.Final/mapstruct-1.5.5.Final.jar:/home/yure.placido/.m2/repository/junit/junit/4.13.2/junit-4.13.2.jar:/home/yure.placido/.m2/repository/org/hamcrest/hamcrest-core/2.2/hamcrest-core-2.2.jar:/home/yure.placido/.m2/repository/org/hamcrest/hamcrest/2.2/hamcrest-2.2.jar:/home/yure.placido/.m2/repository/org/junit/jupiter/junit-jupiter-api/5.11.0/junit-jupiter-api-5.11.0.jar:/home/yure.placido/.m2/repository/org/opentest4j/opentest4j/1.3.0/opentest4j-1.3.0.jar:/home/yure.placido/.m2/repository/org/junit/platform/junit-platform-commons/1.11.0/junit-platform-commons-1.11.0.jar:/home/yure.placido/.m2/repository/org/junit/jupiter/junit-jupiter-params/5.7.0/junit-jupiter-params-5.7.0.jar:"/>
    <property name="sun.cpu.endian" value="little"/>
    <property name="user.home" value="/home/yure.placido"/>
    <property name="user.language" value="pt"/>
    <property name="java.specification.vendor" value="Oracle Corporation"/>
    <property name="java.version.date" value="2025-04-15"/>
    <property name="java.home" value="/home/yure.placido/.local/share/mise/installs/java/temurin-21.0.7+6.0.LTS"/>
    <property name="file.separator" value="/"/>
    <property name="basedir" value="/home/yure.placido/development/integritylabsbrazil/architectural-guide-definition/rest-api-web-guide-definition"/>
    <property name="java.vm.compressedOopsMode" value="Zero based"/>
    <property name="line.separator" value="&#10;"/>
    <property name="java.specification.name" value="Java Platform API Specification"/>
    <property name="java.vm.specification.vendor" value="Oracle Corporation"/>
    <property name="surefire.real.class.path" value="/home/yure.placido/development/integritylabsbrazil/architectural-guide-definition/rest-api-web-guide-definition/target/surefire/surefirebooter-20250713192952172_3.jar"/>
    <property name="sun.management.compiler" value="HotSpot 64-Bit Tiered Compilers"/>
    <property name="java.runtime.version" value="21.0.7+6-LTS"/>
    <property name="user.name" value="MATERA\yure.placido"/>
    <property name="stdout.encoding" value="UTF-8"/>
    <property name="path.separator" value=":"/>
    <property name="os.version" value="6.11.0-29-generic"/>
    <property name="java.runtime.name" value="OpenJDK Runtime Environment"/>
    <property name="file.encoding" value="UTF-8"/>
    <property name="java.vm.name" value="OpenJDK 64-Bit Server VM"/>
    <property name="java.vendor.version" value="Temurin-21.0.7+6"/>
    <property name="localRepository" value="/home/yure.placido/.m2/repository"/>
    <property name="java.vendor.url.bug" value="https://github.com/adoptium/adoptium-support/issues"/>
    <property name="java.io.tmpdir" value="/tmp"/>
    <property name="idea.version" value="2025.1.2"/>
    <property name="java.version" value="21.0.7"/>
    <property name="user.dir" value="/home/yure.placido/development/integritylabsbrazil/architectural-guide-definition/rest-api-web-guide-definition"/>
    <property name="os.arch" value="amd64"/>
    <property name="java.vm.specification.name" value="Java Virtual Machine Specification"/>
    <property name="native.encoding" value="UTF-8"/>
    <property name="java.library.path" value="/usr/java/packages/lib:/usr/lib64:/lib64:/lib:/usr/lib"/>
    <property name="java.vm.info" value="mixed mode, sharing"/>
    <property name="stderr.encoding" value="UTF-8"/>
    <property name="java.vendor" value="Eclipse Adoptium"/>
    <property name="java.vm.version" value="21.0.7+6-LTS"/>
    <property name="sun.io.unicode.encoding" value="UnicodeLittle"/>
    <property name="java.class.version" value="65.0"/>
  </properties>
  <testcase name="shouldAnswerWithTrue" classname="com.integritylabsbrazil.AppTest" time="0.017"/>
</testsuite>